0 info it worked if it ends with ok
1 verbose cli [ '/usr/local/bin/node',
1 verbose cli   '/usr/local/bin/npm',
1 verbose cli   'install',
1 verbose cli   'play-sound',
1 verbose cli   '-g' ]
2 info using npm@3.10.8
3 info using node@v6.9.1
4 silly loadCurrentTree Starting
5 silly install loadCurrentTree
6 silly install readGlobalPackageData
7 silly fetchPackageMetaData play-sound
8 silly fetchNamedPackageData play-sound
9 silly mapToRegistry name play-sound
10 silly mapToRegistry using default registry
11 silly mapToRegistry registry https://registry.npmjs.org/
12 silly mapToRegistry data Result {
12 silly mapToRegistry   raw: 'play-sound',
12 silly mapToRegistry   scope: null,
12 silly mapToRegistry   escapedName: 'play-sound',
12 silly mapToRegistry   name: 'play-sound',
12 silly mapToRegistry   rawSpec: '',
12 silly mapToRegistry   spec: 'latest',
12 silly mapToRegistry   type: 'tag' }
13 silly mapToRegistry uri https://registry.npmjs.org/play-sound
14 verbose get https://registry.npmjs.org/play-sound not expired, no request
15 silly install normalizeTree
16 silly loadCurrentTree Finishing
17 silly loadIdealTree Starting
18 silly install loadIdealTree
19 silly cloneCurrentTree Starting
20 silly install cloneCurrentTreeToIdealTree
21 silly cloneCurrentTree Finishing
22 silly loadShrinkwrap Starting
23 silly install loadShrinkwrap
24 silly loadShrinkwrap Finishing
25 silly loadAllDepsIntoIdealTree Starting
26 silly install loadAllDepsIntoIdealTree
27 silly resolveWithNewModule play-sound@1.1.1 checking installable status
28 silly cache add args [ 'play-sound', null ]
29 verbose cache add spec play-sound
30 silly cache add parsed spec Result {
30 silly cache add   raw: 'play-sound',
30 silly cache add   scope: null,
30 silly cache add   escapedName: 'play-sound',
30 silly cache add   name: 'play-sound',
30 silly cache add   rawSpec: '',
30 silly cache add   spec: 'latest',
30 silly cache add   type: 'tag' }
31 silly addNamed play-sound@latest
32 verbose addNamed "latest" is being treated as a dist-tag for play-sound
33 info addNameTag [ 'play-sound', 'latest' ]
34 silly mapToRegistry name play-sound
35 silly mapToRegistry using default registry
36 silly mapToRegistry registry https://registry.npmjs.org/
37 silly mapToRegistry data Result {
37 silly mapToRegistry   raw: 'play-sound',
37 silly mapToRegistry   scope: null,
37 silly mapToRegistry   escapedName: 'play-sound',
37 silly mapToRegistry   name: 'play-sound',
37 silly mapToRegistry   rawSpec: '',
37 silly mapToRegistry   spec: 'latest',
37 silly mapToRegistry   type: 'tag' }
38 silly mapToRegistry uri https://registry.npmjs.org/play-sound
39 verbose addNameTag registry:https://registry.npmjs.org/play-sound not in flight; fetching
40 verbose get https://registry.npmjs.org/play-sound not expired, no request
41 silly addNameTag next cb for play-sound with tag latest
42 silly addNamed play-sound@1.1.1
43 verbose addNamed "1.1.1" is a plain semver version for play-sound
44 silly cache afterAdd play-sound@1.1.1
45 verbose afterAdd /Users/jur0002b/.npm/play-sound/1.1.1/package/package.json not in flight; writing
46 verbose correctMkdir /Users/jur0002b/.npm correctMkdir not in flight; initializing
47 verbose afterAdd /Users/jur0002b/.npm/play-sound/1.1.1/package/package.json written
48 silly fetchNamedPackageData find-exec
49 silly mapToRegistry name find-exec
50 silly mapToRegistry using default registry
51 silly mapToRegistry registry https://registry.npmjs.org/
52 silly mapToRegistry data Result {
52 silly mapToRegistry   raw: 'find-exec',
52 silly mapToRegistry   scope: null,
52 silly mapToRegistry   escapedName: 'find-exec',
52 silly mapToRegistry   name: 'find-exec',
52 silly mapToRegistry   rawSpec: '',
52 silly mapToRegistry   spec: 'latest',
52 silly mapToRegistry   type: 'tag' }
53 silly mapToRegistry uri https://registry.npmjs.org/find-exec
54 verbose get https://registry.npmjs.org/find-exec not expired, no request
55 silly resolveWithNewModule find-exec@0.0.8 checking installable status
56 silly cache add args [ 'find-exec@0.0.8', null ]
57 verbose cache add spec find-exec@0.0.8
58 silly cache add parsed spec Result {
58 silly cache add   raw: 'find-exec@0.0.8',
58 silly cache add   scope: null,
58 silly cache add   escapedName: 'find-exec',
58 silly cache add   name: 'find-exec',
58 silly cache add   rawSpec: '0.0.8',
58 silly cache add   spec: '0.0.8',
58 silly cache add   type: 'version' }
59 silly addNamed find-exec@0.0.8
60 verbose addNamed "0.0.8" is a plain semver version for find-exec
61 silly mapToRegistry name find-exec
62 silly mapToRegistry using default registry
63 silly mapToRegistry registry https://registry.npmjs.org/
64 silly mapToRegistry data Result {
64 silly mapToRegistry   raw: 'find-exec',
64 silly mapToRegistry   scope: null,
64 silly mapToRegistry   escapedName: 'find-exec',
64 silly mapToRegistry   name: 'find-exec',
64 silly mapToRegistry   rawSpec: '',
64 silly mapToRegistry   spec: 'latest',
64 silly mapToRegistry   type: 'tag' }
65 silly mapToRegistry uri https://registry.npmjs.org/find-exec
66 verbose addNameVersion registry:https://registry.npmjs.org/find-exec not in flight; fetching
67 verbose get https://registry.npmjs.org/find-exec not expired, no request
68 silly cache afterAdd find-exec@0.0.8
69 verbose afterAdd /Users/jur0002b/.npm/find-exec/0.0.8/package/package.json not in flight; writing
70 verbose correctMkdir /Users/jur0002b/.npm correctMkdir not in flight; initializing
71 verbose afterAdd /Users/jur0002b/.npm/find-exec/0.0.8/package/package.json written
72 silly fetchNamedPackageData sync-exec
73 silly mapToRegistry name sync-exec
74 silly mapToRegistry using default registry
75 silly mapToRegistry registry https://registry.npmjs.org/
76 silly mapToRegistry data Result {
76 silly mapToRegistry   raw: 'sync-exec',
76 silly mapToRegistry   scope: null,
76 silly mapToRegistry   escapedName: 'sync-exec',
76 silly mapToRegistry   name: 'sync-exec',
76 silly mapToRegistry   rawSpec: '',
76 silly mapToRegistry   spec: 'latest',
76 silly mapToRegistry   type: 'tag' }
77 silly mapToRegistry uri https://registry.npmjs.org/sync-exec
78 verbose get https://registry.npmjs.org/sync-exec not expired, no request
79 silly resolveWithNewModule sync-exec@0.6.2 checking installable status
80 silly cache add args [ 'sync-exec@^0.6.2', null ]
81 verbose cache add spec sync-exec@^0.6.2
82 silly cache add parsed spec Result {
82 silly cache add   raw: 'sync-exec@^0.6.2',
82 silly cache add   scope: null,
82 silly cache add   escapedName: 'sync-exec',
82 silly cache add   name: 'sync-exec',
82 silly cache add   rawSpec: '^0.6.2',
82 silly cache add   spec: '>=0.6.2 <0.7.0',
82 silly cache add   type: 'range' }
83 silly addNamed sync-exec@>=0.6.2 <0.7.0
84 verbose addNamed ">=0.6.2 <0.7.0" is a valid semver range for sync-exec
85 silly addNameRange { name: 'sync-exec', range: '>=0.6.2 <0.7.0', hasData: false }
86 silly mapToRegistry name sync-exec
87 silly mapToRegistry using default registry
88 silly mapToRegistry registry https://registry.npmjs.org/
89 silly mapToRegistry data Result {
89 silly mapToRegistry   raw: 'sync-exec',
89 silly mapToRegistry   scope: null,
89 silly mapToRegistry   escapedName: 'sync-exec',
89 silly mapToRegistry   name: 'sync-exec',
89 silly mapToRegistry   rawSpec: '',
89 silly mapToRegistry   spec: 'latest',
89 silly mapToRegistry   type: 'tag' }
90 silly mapToRegistry uri https://registry.npmjs.org/sync-exec
91 verbose addNameRange registry:https://registry.npmjs.org/sync-exec not in flight; fetching
92 verbose get https://registry.npmjs.org/sync-exec not expired, no request
93 silly addNameRange number 2 { name: 'sync-exec', range: '>=0.6.2 <0.7.0', hasData: true }
94 silly addNameRange versions [ 'sync-exec',
94 silly addNameRange   [ '0.3.0',
94 silly addNameRange     '0.3.1',
94 silly addNameRange     '0.3.2',
94 silly addNameRange     '0.4.0',
94 silly addNameRange     '0.5.0',
94 silly addNameRange     '0.6.0',
94 silly addNameRange     '0.6.1',
94 silly addNameRange     '0.6.2' ] ]
95 silly addNamed sync-exec@0.6.2
96 verbose addNamed "0.6.2" is a plain semver version for sync-exec
97 silly cache afterAdd sync-exec@0.6.2
98 verbose afterAdd /Users/jur0002b/.npm/sync-exec/0.6.2/package/package.json not in flight; writing
99 verbose correctMkdir /Users/jur0002b/.npm correctMkdir not in flight; initializing
100 verbose afterAdd /Users/jur0002b/.npm/sync-exec/0.6.2/package/package.json written
101 silly loadAllDepsIntoIdealTree Finishing
102 silly loadIdealTree Finishing
103 silly currentTree lib
104 silly idealTree lib
104 silly idealTree └─┬ play-sound@1.1.1
104 silly idealTree   ├── find-exec@0.0.8
104 silly idealTree   └── sync-exec@0.6.2
105 silly generateActionsToTake Starting
106 silly install generateActionsToTake
107 warn checkPermissions Missing write access to /usr/local/lib/node_modules
108 silly rollbackFailedOptional Starting
109 silly rollbackFailedOptional Finishing
110 silly runTopLevelLifecycles Finishing
111 silly install printInstalled
112 verbose stack Error: EACCES: permission denied, access '/usr/local/lib/node_modules'
112 verbose stack     at Error (native)
113 verbose cwd /Users/jur0002b/GitHub/so-incident-alarm
114 error Darwin 15.6.0
115 error argv "/usr/local/bin/node" "/usr/local/bin/npm" "install" "play-sound" "-g"
116 error node v6.9.1
117 error npm  v3.10.8
118 error path /usr/local/lib/node_modules
119 error code EACCES
120 error errno -13
121 error syscall access
122 error Error: EACCES: permission denied, access '/usr/local/lib/node_modules'
122 error     at Error (native)
122 error  { Error: EACCES: permission denied, access '/usr/local/lib/node_modules'
122 error     at Error (native)
122 error   errno: -13,
122 error   code: 'EACCES',
122 error   syscall: 'access',
122 error   path: '/usr/local/lib/node_modules' }
123 error Please try running this command again as root/Administrator.
124 verbose exit [ -13, true ]
